<?xml version="1.0" encoding="UTF-8"?>
<testsuites name="jest tests" tests="1" failures="0" errors="0" time="1.921">
  <testsuite name="API Tests" errors="0" failures="0" skipped="0" timestamp="2024-04-25T10:47:31" time="1.805" tests="1">
    <testcase classname="API Tests GET /order - should return all order" name="API Tests GET /order - should return all order" time="0.061">
    </testcase>
  </testsuite>
</testsuites>