<?xml version="1.0" encoding="UTF-8"?>
<testsuites name="jest tests" tests="2" failures="1" errors="0" time="2.368">
  <testsuite name="API Tests" errors="0" failures="1" skipped="0" timestamp="2024-04-25T13:25:36" time="2.226" tests="2">
    <testcase classname="API Tests GET /order - should return all order" name="API Tests GET /order - should return all order" time="0.113">
    </testcase>
    <testcase classname="API Tests POST /order - should create a new contact" name="API Tests POST /order - should create a new contact" time="0.056">
      <failure>Error: expect(received).toBe(expected) // Object.is equality

Expected: 201
Received: 400
    at Object.toBe (C:\Users\ambet\OneDrive\Documents\GitHub\tp_jenkins\test\api.test.js:35:37)
    at processTicksAndRejections (node:internal/process/task_queues:95:5)</failure>
    </testcase>
  </testsuite>
</testsuites>