<?xml version="1.0" encoding="UTF-8"?>
<testsuites name="jest tests" tests="2" failures="0" errors="0" time="2.524">
  <testsuite name="API Tests" errors="0" failures="0" skipped="0" timestamp="2024-04-25T13:32:32" time="2.371" tests="2">
    <testcase classname="API Tests GET /order - should return all order" name="API Tests GET /order - should return all order" time="0.079">
    </testcase>
    <testcase classname="API Tests POST /order - should create a new contact" name="API Tests POST /order - should create a new contact" time="0.048">
    </testcase>
  </testsuite>
</testsuites>